<?xml version="1.0" encoding="UTF-8"?>
<testsuite name="com.krunal.CabInVoiceGeneratorTest" tests="1" skipped="0" failures="0" errors="0" timestamp="2021-07-13T06:38:03" hostname="DESKTOP-M2BVJTD" time="0.007">
  <properties/>
  <testcase name="givenMultipleRides_ShouldReturnTotalAggregate" classname="com.krunal.CabInVoiceGeneratorTest" time="0.007"/>
  <system-out><![CDATA[30.0
]]></system-out>
  <system-err><![CDATA[]]></system-err>
</testsuite>
