<?xml version="1.0" encoding="UTF-8"?>
<testsuite name="com.krunal.CabInVoiceGeneratorTest" tests="1" skipped="0" failures="0" errors="0" timestamp="2021-07-13T06:10:36" hostname="DESKTOP-M2BVJTD" time="0.001">
  <properties/>
  <testcase name="givenDistanceAndTime_ShouldReturnMinimumFare" classname="com.krunal.CabInVoiceGeneratorTest" time="0.001"/>
  <system-out><![CDATA[]]></system-out>
  <system-err><![CDATA[]]></system-err>
</testsuite>
