<?xml version="1.0" encoding="UTF-8"?>
<testsuite name="com.krunal.CabInVoiceGeneratorTest" tests="3" skipped="0" failures="0" errors="0" timestamp="2021-07-13T12:08:40" hostname="DESKTOP-M2BVJTD" time="0.008">
  <properties/>
  <testcase name="givenMultipleRides_ShouldReturnInVoiceSummary" classname="com.krunal.CabInVoiceGeneratorTest" time="0.007"/>
  <testcase name="givenDistanceAndTime_ShouldReturnTotalFare" classname="com.krunal.CabInVoiceGeneratorTest" time="0.0"/>
  <testcase name="givenDistanceAndTime_ShouldReturnMinimumFare" classname="com.krunal.CabInVoiceGeneratorTest" time="0.0"/>
  <system-out><![CDATA[30.0
]]></system-out>
  <system-err><![CDATA[]]></system-err>
</testsuite>
